{"@t":"2025-03-01T21:15:43.7256007Z","@mt":"Seq {SeqVersion} running on OS {OSCaption}","SeqVersion":"2024.3.13545","OSCaption":"Ubuntu 22.04.5 LTS","SourceContext":"Seq.Server.Features.Diagnostics.EnvironmentInformationWriter"}
{"@t":"2025-03-01T21:15:43.9461124Z","@mt":"Opening event store at {StreamPath}","StreamPath":"/data/Stream/stream.flare","SourceContext":"Seq.Engine.Cluster.StorageNodeCoordinator"}
{"@t":"2025-03-01T21:15:43.9787626Z","@mt":"Ingestion enabled","SourceContext":"Seq.Engine.Cluster.StorageNodeCoordinator"}
{"@t":"2025-03-01T21:15:44.0215470Z","@mt":"Opening metastore {MetastorePath}","MetastorePath":"/data/Documents/metastore.flare","SourceContext":"Quince.Storage.Native.NativeDocumentStore"}
{"@t":"2025-03-01T21:15:44.0998515Z","@mt":"Storage subsystem available"}
{"@t":"2025-03-01T21:15:44.1397458Z","@mt":"Seq listening on {ListenUris}","ListenUris":["http://localhost/","https://localhost/","http://localhost:5341/","https://localhost:45341/"]}
{"@t":"2025-03-01T21:15:47.8791464Z","@mt":"Termination signal received"}
{"@t":"2025-03-01T21:15:47.8847191Z","@mt":"Signalling for {Workers} worker task(s) to complete","Workers":1,"SourceContext":"Seq.Engine.Workers.WorkerPool"}
{"@t":"2025-03-01T21:15:47.9517745Z","@mt":"Work {WorkDescription} ({WorkId}) observed cancellation and completed","WorkDescription":"Monitor alerts and trigger notifications","WorkId":"c53c1aa0-e852-4be3-b492-e3dfaa319e65","SourceContext":"Seq.Engine.Workers.WorkerPool"}
{"@t":"2025-03-01T21:15:47.9887096Z","@mt":"Stopping {Tasks} scheduled tasks","Tasks":13,"SourceContext":"Seq.Server.Tasks.TaskRunner"}
{"@t":"2025-03-01T21:15:47.9900482Z","@mt":"Stopping input channel","SourceContext":"Seq.Server.Features.Apps.Inputs.InputChannel"}
{"@t":"2025-03-01T21:15:48.1561020Z","@mt":"Shutting down input channel; {AcceptedCount} queued events will be written","AcceptedCount":0,"SourceContext":"Seq.Server.Features.Apps.Inputs.InputChannel"}
{"@t":"2025-03-01T21:15:48.1566085Z","@mt":"Stopping broadcast channel","SourceContext":"Seq.Engine.Broadcast.BroadcastChannel"}
{"@t":"2025-03-01T21:15:49.1564755Z","@mt":"Shutting down broadcast channel with {AllowableFlush} flushable event batches (+{Tolerance} tolerance)","AllowableFlush":0,"Tolerance":15,"SourceContext":"Seq.Engine.Broadcast.BroadcastChannel"}
{"@t":"2025-03-01T21:15:49.1622212Z","@mt":"Closing event store","SourceContext":"Seq.Engine.Cluster.StorageNodeCoordinator"}
{"@t":"2025-03-01T21:15:49.1648608Z","@mt":"Closing metastore","SourceContext":"Quince.Storage.Native.NativeDocumentStore"}
{"@t":"2025-03-01T21:15:49.1718616Z","@mt":"Server stopped cleanly"}
{"@t":"2025-03-01T21:21:41.4698557Z","@mt":"Seq {SeqVersion} running on OS {OSCaption}","SeqVersion":"2024.3.13545","OSCaption":"Ubuntu 22.04.5 LTS","SourceContext":"Seq.Server.Features.Diagnostics.EnvironmentInformationWriter"}
{"@t":"2025-03-01T21:21:41.6844145Z","@mt":"Opening event store at {StreamPath}","StreamPath":"/data/Stream/stream.flare","SourceContext":"Seq.Engine.Cluster.StorageNodeCoordinator"}
{"@t":"2025-03-01T21:21:41.6945557Z","@mt":"Ingestion enabled","SourceContext":"Seq.Engine.Cluster.StorageNodeCoordinator"}
{"@t":"2025-03-01T21:21:41.7003393Z","@mt":"Opening metastore {MetastorePath}","MetastorePath":"/data/Documents/metastore.flare","SourceContext":"Quince.Storage.Native.NativeDocumentStore"}
{"@t":"2025-03-01T21:21:41.7227728Z","@mt":"Storage subsystem available"}
{"@t":"2025-03-01T21:21:41.7513956Z","@mt":"Seq listening on {ListenUris}","ListenUris":["http://localhost/","https://localhost/","http://localhost:5341/","https://localhost:45341/"]}
{"@t":"2025-03-01T21:26:41.7770429Z","@mt":"Metrics sampled","SystemMemoryUtilization":0.1715517696685478,"ProcessWorkingSetBytes":201056256,"ProcessCpuPercentage":1702.127659574468,"GCTotalHeapSizeBytes":0,"GCTotalFragmentedBytes":0,"GCPauseTimePercentage":0,"ProcessThreads":25,"ThreadPoolActiveThreads":5,"ThreadPoolAvailableWorkerThreads":32766,"ThreadPoolAvailableIOThreads":1000,"ArrivedEventsPerMinute":0,"IngestedEventsPerMinute":0,"IngestedBytesPerMinute":0,"InvalidPayloadsPerMinute":0,"UnauthorizedPayloadsPerMinute":0,"TotalWriteTimeLastMinute":0,"TotalIndexingTimeLastDay":0,"BroadcastQueueCount":0,"BroadcastSubscriptionQueuesAggregateCount":0,"AspNetCoreHostingCurrentRequestsMax":0,"AspNetCoreHostingFailedRequestsMax":0,"AspNetCoreHostingRequestsPerSecondIncrement":0,"KestrelCurrentConnectionsMax":0,"KestrelConnectionsPerSecondIncrement":0,"KestrelConnectionQueueLengthMax":0,"KestrelRequestQueueLengthMax":0,"KestrelFailedTlsHandshakesIncrement":0,"IngestEndpointActiveRequests":0,"QueryEndpointActiveRequests":0}
{"@t":"2025-03-01T21:29:46.7671332Z","@mt":"Termination signal received"}
{"@t":"2025-03-01T21:29:46.7769808Z","@mt":"Signalling for {Workers} worker task(s) to complete","Workers":1,"SourceContext":"Seq.Engine.Workers.WorkerPool"}
{"@t":"2025-03-01T21:29:47.0444172Z","@mt":"Work {WorkDescription} ({WorkId}) observed cancellation and completed","WorkDescription":"Monitor alerts and trigger notifications","WorkId":"83bf02dc-63e9-44b1-b6ed-e5bd859999d2","SourceContext":"Seq.Engine.Workers.WorkerPool"}
{"@t":"2025-03-01T21:29:47.0831805Z","@mt":"Stopping {Tasks} scheduled tasks","Tasks":13,"SourceContext":"Seq.Server.Tasks.TaskRunner"}
{"@t":"2025-03-01T21:29:47.0860385Z","@mt":"Stopping input channel","SourceContext":"Seq.Server.Features.Apps.Inputs.InputChannel"}
{"@t":"2025-03-01T21:29:47.2892675Z","@mt":"Shutting down input channel; {AcceptedCount} queued events will be written","AcceptedCount":0,"SourceContext":"Seq.Server.Features.Apps.Inputs.InputChannel"}
{"@t":"2025-03-01T21:29:47.2916358Z","@mt":"Stopping broadcast channel","SourceContext":"Seq.Engine.Broadcast.BroadcastChannel"}
{"@t":"2025-03-01T21:29:48.1569820Z","@mt":"Shutting down broadcast channel with {AllowableFlush} flushable event batches (+{Tolerance} tolerance)","AllowableFlush":0,"Tolerance":15,"SourceContext":"Seq.Engine.Broadcast.BroadcastChannel"}
{"@t":"2025-03-01T21:29:48.1610741Z","@mt":"Closing event store","SourceContext":"Seq.Engine.Cluster.StorageNodeCoordinator"}
{"@t":"2025-03-01T21:29:48.1634774Z","@mt":"Closing metastore","SourceContext":"Quince.Storage.Native.NativeDocumentStore"}
{"@t":"2025-03-01T21:29:48.1733549Z","@mt":"Server stopped cleanly"}
{"@t":"2025-03-01T21:31:52.8028874Z","@mt":"Seq {SeqVersion} running on OS {OSCaption}","SeqVersion":"2024.3.13545","OSCaption":"Ubuntu 22.04.5 LTS","SourceContext":"Seq.Server.Features.Diagnostics.EnvironmentInformationWriter"}
{"@t":"2025-03-01T21:31:53.0290422Z","@mt":"Opening event store at {StreamPath}","StreamPath":"/data/Stream/stream.flare","SourceContext":"Seq.Engine.Cluster.StorageNodeCoordinator"}
{"@t":"2025-03-01T21:31:53.0370485Z","@mt":"Ingestion enabled","SourceContext":"Seq.Engine.Cluster.StorageNodeCoordinator"}
{"@t":"2025-03-01T21:31:53.0460409Z","@mt":"Opening metastore {MetastorePath}","MetastorePath":"/data/Documents/metastore.flare","SourceContext":"Quince.Storage.Native.NativeDocumentStore"}
{"@t":"2025-03-01T21:31:53.0756029Z","@mt":"Storage subsystem available"}
{"@t":"2025-03-01T21:31:53.1112652Z","@mt":"Seq listening on {ListenUris}","ListenUris":["http://localhost/","https://localhost/","http://localhost:5341/","https://localhost:45341/"]}
{"@t":"2025-03-01T21:36:53.1326767Z","@mt":"Metrics sampled","SystemMemoryUtilization":0.16064785703537543,"ProcessWorkingSetBytes":212652032,"ProcessCpuPercentage":0,"GCTotalHeapSizeBytes":0,"GCTotalFragmentedBytes":0,"GCPauseTimePercentage":0,"ProcessThreads":27,"ThreadPoolActiveThreads":7,"ThreadPoolAvailableWorkerThreads":32766,"ThreadPoolAvailableIOThreads":1000,"ArrivedEventsPerMinute":0,"IngestedEventsPerMinute":0,"IngestedBytesPerMinute":0,"InvalidPayloadsPerMinute":0,"UnauthorizedPayloadsPerMinute":0,"TotalWriteTimeLastMinute":0,"TotalIndexingTimeLastDay":0,"BroadcastQueueCount":0,"BroadcastSubscriptionQueuesAggregateCount":0,"AspNetCoreHostingCurrentRequestsMax":0,"AspNetCoreHostingFailedRequestsMax":0,"AspNetCoreHostingRequestsPerSecondIncrement":1,"KestrelCurrentConnectionsMax":4,"KestrelConnectionsPerSecondIncrement":0,"KestrelConnectionQueueLengthMax":0,"KestrelRequestQueueLengthMax":0,"KestrelFailedTlsHandshakesIncrement":0,"IngestEndpointActiveRequests":0,"QueryEndpointActiveRequests":0}
{"@t":"2025-03-01T21:37:43.5191042Z","@mt":"Termination signal received"}
{"@t":"2025-03-01T21:37:43.5412220Z","@mt":"Signalling for {Workers} worker task(s) to complete","Workers":1,"SourceContext":"Seq.Engine.Workers.WorkerPool"}
{"@t":"2025-03-01T21:37:44.0332104Z","@mt":"Work {WorkDescription} ({WorkId}) observed cancellation and completed","WorkDescription":"Monitor alerts and trigger notifications","WorkId":"8fa6691c-fbd4-4886-b3e2-99bbc2776307","SourceContext":"Seq.Engine.Workers.WorkerPool"}
{"@t":"2025-03-01T21:37:44.0582137Z","@mt":"Stopping {Tasks} scheduled tasks","Tasks":13,"SourceContext":"Seq.Server.Tasks.TaskRunner"}
{"@t":"2025-03-01T21:37:44.0642144Z","@mt":"Stopping input channel","SourceContext":"Seq.Server.Features.Apps.Inputs.InputChannel"}
{"@t":"2025-03-01T21:37:45.0637004Z","@mt":"Shutting down input channel; {AcceptedCount} queued events will be written","AcceptedCount":0,"SourceContext":"Seq.Server.Features.Apps.Inputs.InputChannel"}
{"@t":"2025-03-01T21:37:45.0648470Z","@mt":"Stopping broadcast channel","SourceContext":"Seq.Engine.Broadcast.BroadcastChannel"}
{"@t":"2025-03-01T21:37:46.0624336Z","@mt":"Shutting down broadcast channel with {AllowableFlush} flushable event batches (+{Tolerance} tolerance)","AllowableFlush":0,"Tolerance":15,"SourceContext":"Seq.Engine.Broadcast.BroadcastChannel"}
{"@t":"2025-03-01T21:37:46.0680302Z","@mt":"Closing event store","SourceContext":"Seq.Engine.Cluster.StorageNodeCoordinator"}
{"@t":"2025-03-01T21:37:46.0701811Z","@mt":"Closing metastore","SourceContext":"Quince.Storage.Native.NativeDocumentStore"}
{"@t":"2025-03-01T21:37:46.0792481Z","@mt":"Server stopped cleanly"}
{"@t":"2025-03-01T21:37:51.9473576Z","@mt":"Seq {SeqVersion} running on OS {OSCaption}","SeqVersion":"2024.3.13545","OSCaption":"Ubuntu 22.04.5 LTS","SourceContext":"Seq.Server.Features.Diagnostics.EnvironmentInformationWriter"}
{"@t":"2025-03-01T21:37:52.1708912Z","@mt":"Opening event store at {StreamPath}","StreamPath":"/data/Stream/stream.flare","SourceContext":"Seq.Engine.Cluster.StorageNodeCoordinator"}
{"@t":"2025-03-01T21:37:52.1798068Z","@mt":"Ingestion enabled","SourceContext":"Seq.Engine.Cluster.StorageNodeCoordinator"}
{"@t":"2025-03-01T21:37:52.1854732Z","@mt":"Opening metastore {MetastorePath}","MetastorePath":"/data/Documents/metastore.flare","SourceContext":"Quince.Storage.Native.NativeDocumentStore"}
{"@t":"2025-03-01T21:37:52.2058718Z","@mt":"Storage subsystem available"}
{"@t":"2025-03-01T21:37:52.2355977Z","@mt":"Seq listening on {ListenUris}","ListenUris":["http://localhost/","https://localhost/","http://localhost:5341/","https://localhost:45341/"]}
{"@t":"2025-03-01T21:40:40.1431575Z","@mt":"Termination signal received"}
{"@t":"2025-03-01T21:40:40.1542022Z","@mt":"Signalling for {Workers} worker task(s) to complete","Workers":1,"SourceContext":"Seq.Engine.Workers.WorkerPool"}
{"@t":"2025-03-01T21:40:40.4731320Z","@mt":"Work {WorkDescription} ({WorkId}) observed cancellation and completed","WorkDescription":"Monitor alerts and trigger notifications","WorkId":"c1130ebc-5027-4ca3-852c-3e74ca621743","SourceContext":"Seq.Engine.Workers.WorkerPool"}
{"@t":"2025-03-01T21:40:40.5717805Z","@mt":"Stopping {Tasks} scheduled tasks","Tasks":13,"SourceContext":"Seq.Server.Tasks.TaskRunner"}
{"@t":"2025-03-01T21:40:40.5748022Z","@mt":"Stopping input channel","SourceContext":"Seq.Server.Features.Apps.Inputs.InputChannel"}
{"@t":"2025-03-01T21:40:40.6003467Z","@mt":"Shutting down input channel; {AcceptedCount} queued events will be written","AcceptedCount":0,"SourceContext":"Seq.Server.Features.Apps.Inputs.InputChannel"}
{"@t":"2025-03-01T21:40:40.6023962Z","@mt":"Stopping broadcast channel","SourceContext":"Seq.Engine.Broadcast.BroadcastChannel"}
{"@t":"2025-03-01T21:40:40.7207592Z","@mt":"Shutting down broadcast channel with {AllowableFlush} flushable event batches (+{Tolerance} tolerance)","AllowableFlush":0,"Tolerance":15,"SourceContext":"Seq.Engine.Broadcast.BroadcastChannel"}
{"@t":"2025-03-01T21:40:40.7243910Z","@mt":"Closing event store","SourceContext":"Seq.Engine.Cluster.StorageNodeCoordinator"}
{"@t":"2025-03-01T21:40:40.7283820Z","@mt":"Closing metastore","SourceContext":"Quince.Storage.Native.NativeDocumentStore"}
{"@t":"2025-03-01T21:40:40.7354765Z","@mt":"Server stopped cleanly"}
{"@t":"2025-03-01T21:40:46.5617805Z","@mt":"Seq {SeqVersion} running on OS {OSCaption}","SeqVersion":"2024.3.13545","OSCaption":"Ubuntu 22.04.5 LTS","SourceContext":"Seq.Server.Features.Diagnostics.EnvironmentInformationWriter"}
{"@t":"2025-03-01T21:40:46.7519127Z","@mt":"Opening event store at {StreamPath}","StreamPath":"/data/Stream/stream.flare","SourceContext":"Seq.Engine.Cluster.StorageNodeCoordinator"}
{"@t":"2025-03-01T21:40:46.7607529Z","@mt":"Ingestion enabled","SourceContext":"Seq.Engine.Cluster.StorageNodeCoordinator"}
{"@t":"2025-03-01T21:40:46.7662923Z","@mt":"Opening metastore {MetastorePath}","MetastorePath":"/data/Documents/metastore.flare","SourceContext":"Quince.Storage.Native.NativeDocumentStore"}
{"@t":"2025-03-01T21:40:46.7865754Z","@mt":"Storage subsystem available"}
{"@t":"2025-03-01T21:40:46.8140270Z","@mt":"Seq listening on {ListenUris}","ListenUris":["http://localhost/","https://localhost/","http://localhost:5341/","https://localhost:45341/"]}
{"@t":"2025-03-01T21:45:46.8331993Z","@mt":"Metrics sampled","SystemMemoryUtilization":0.17493694525024095,"ProcessWorkingSetBytes":240783360,"ProcessCpuPercentage":0,"GCTotalHeapSizeBytes":0,"GCTotalFragmentedBytes":0,"GCPauseTimePercentage":0,"ProcessThreads":26,"ThreadPoolActiveThreads":6,"ThreadPoolAvailableWorkerThreads":32766,"ThreadPoolAvailableIOThreads":1000,"ArrivedEventsPerMinute":9,"IngestedEventsPerMinute":9,"IngestedBytesPerMinute":6920,"InvalidPayloadsPerMinute":0,"UnauthorizedPayloadsPerMinute":0,"TotalWriteTimeLastMinute":4,"TotalIndexingTimeLastDay":0,"BroadcastQueueCount":0,"BroadcastSubscriptionQueuesAggregateCount":0,"AspNetCoreHostingCurrentRequestsMax":0,"AspNetCoreHostingFailedRequestsMax":0,"AspNetCoreHostingRequestsPerSecondIncrement":2,"KestrelCurrentConnectionsMax":3,"KestrelConnectionsPerSecondIncrement":0,"KestrelConnectionQueueLengthMax":0,"KestrelRequestQueueLengthMax":0,"KestrelFailedTlsHandshakesIncrement":0,"IngestEndpointActiveRequests":0,"QueryEndpointActiveRequests":0}
{"@t":"2025-03-01T21:48:13.2921194Z","@mt":"Termination signal received"}
{"@t":"2025-03-01T21:48:13.3044914Z","@mt":"Signalling for {Workers} worker task(s) to complete","Workers":1,"SourceContext":"Seq.Engine.Workers.WorkerPool"}
{"@t":"2025-03-01T21:48:13.9816239Z","@mt":"Work {WorkDescription} ({WorkId}) observed cancellation and completed","WorkDescription":"Monitor alerts and trigger notifications","WorkId":"8edb5c89-1849-4896-bfaf-e80a4e752aac","SourceContext":"Seq.Engine.Workers.WorkerPool"}
{"@t":"2025-03-01T21:48:14.0362811Z","@mt":"Stopping {Tasks} scheduled tasks","Tasks":13,"SourceContext":"Seq.Server.Tasks.TaskRunner"}
{"@t":"2025-03-01T21:48:14.0429617Z","@mt":"Stopping input channel","SourceContext":"Seq.Server.Features.Apps.Inputs.InputChannel"}
{"@t":"2025-03-01T21:48:15.0132687Z","@mt":"Shutting down input channel; {AcceptedCount} queued events will be written","AcceptedCount":0,"SourceContext":"Seq.Server.Features.Apps.Inputs.InputChannel"}
{"@t":"2025-03-01T21:48:15.0149142Z","@mt":"Stopping broadcast channel","SourceContext":"Seq.Engine.Broadcast.BroadcastChannel"}
{"@t":"2025-03-01T21:48:16.0053743Z","@mt":"Shutting down broadcast channel with {AllowableFlush} flushable event batches (+{Tolerance} tolerance)","AllowableFlush":0,"Tolerance":15,"SourceContext":"Seq.Engine.Broadcast.BroadcastChannel"}
{"@t":"2025-03-01T21:48:16.0102390Z","@mt":"Closing event store","SourceContext":"Seq.Engine.Cluster.StorageNodeCoordinator"}
{"@t":"2025-03-01T21:48:16.0133989Z","@mt":"Closing metastore","SourceContext":"Quince.Storage.Native.NativeDocumentStore"}
{"@t":"2025-03-01T21:48:16.0215734Z","@mt":"Server stopped cleanly"}
{"@t":"2025-03-01T21:48:58.8972090Z","@mt":"Seq {SeqVersion} running on OS {OSCaption}","SeqVersion":"2024.3.13545","OSCaption":"Ubuntu 22.04.5 LTS","SourceContext":"Seq.Server.Features.Diagnostics.EnvironmentInformationWriter"}
{"@t":"2025-03-01T21:48:59.0923378Z","@mt":"Opening event store at {StreamPath}","StreamPath":"/data/Stream/stream.flare","SourceContext":"Seq.Engine.Cluster.StorageNodeCoordinator"}
{"@t":"2025-03-01T21:48:59.1025377Z","@mt":"Ingestion enabled","SourceContext":"Seq.Engine.Cluster.StorageNodeCoordinator"}
{"@t":"2025-03-01T21:48:59.1081907Z","@mt":"Opening metastore {MetastorePath}","MetastorePath":"/data/Documents/metastore.flare","SourceContext":"Quince.Storage.Native.NativeDocumentStore"}
{"@t":"2025-03-01T21:48:59.1285353Z","@mt":"Storage subsystem available"}
{"@t":"2025-03-01T21:48:59.1545739Z","@mt":"Seq listening on {ListenUris}","ListenUris":["http://localhost/","https://localhost/","http://localhost:5341/","https://localhost:45341/"]}
{"@t":"2025-03-01T21:53:59.1710847Z","@mt":"Metrics sampled","SystemMemoryUtilization":0.1789190358079229,"ProcessWorkingSetBytes":190894080,"ProcessCpuPercentage":0,"GCTotalHeapSizeBytes":0,"GCTotalFragmentedBytes":0,"GCPauseTimePercentage":0,"ProcessThreads":24,"ThreadPoolActiveThreads":4,"ThreadPoolAvailableWorkerThreads":32766,"ThreadPoolAvailableIOThreads":1000,"ArrivedEventsPerMinute":0,"IngestedEventsPerMinute":0,"IngestedBytesPerMinute":0,"InvalidPayloadsPerMinute":0,"UnauthorizedPayloadsPerMinute":0,"TotalWriteTimeLastMinute":0,"TotalIndexingTimeLastDay":0,"BroadcastQueueCount":0,"BroadcastSubscriptionQueuesAggregateCount":0,"AspNetCoreHostingCurrentRequestsMax":0,"AspNetCoreHostingFailedRequestsMax":0,"AspNetCoreHostingRequestsPerSecondIncrement":0,"KestrelCurrentConnectionsMax":0,"KestrelConnectionsPerSecondIncrement":0,"KestrelConnectionQueueLengthMax":0,"KestrelRequestQueueLengthMax":0,"KestrelFailedTlsHandshakesIncrement":0,"IngestEndpointActiveRequests":0,"QueryEndpointActiveRequests":0}
{"@t":"2025-03-01T21:58:59.1587056Z","@mt":"Metrics sampled","SystemMemoryUtilization":0.18410990410496142,"ProcessWorkingSetBytes":198569984,"ProcessCpuPercentage":1.8301129539614807,"GCTotalHeapSizeBytes":0,"GCTotalFragmentedBytes":0,"GCPauseTimePercentage":0,"ProcessThreads":28,"ThreadPoolActiveThreads":6,"ThreadPoolAvailableWorkerThreads":32766,"ThreadPoolAvailableIOThreads":1000,"ArrivedEventsPerMinute":0,"IngestedEventsPerMinute":0,"IngestedBytesPerMinute":0,"InvalidPayloadsPerMinute":0,"UnauthorizedPayloadsPerMinute":0,"TotalWriteTimeLastMinute":0,"TotalIndexingTimeLastDay":0,"BroadcastQueueCount":0,"BroadcastSubscriptionQueuesAggregateCount":0,"AspNetCoreHostingCurrentRequestsMax":0,"AspNetCoreHostingFailedRequestsMax":0,"AspNetCoreHostingRequestsPerSecondIncrement":0,"KestrelCurrentConnectionsMax":0,"KestrelConnectionsPerSecondIncrement":0,"KestrelConnectionQueueLengthMax":0,"KestrelRequestQueueLengthMax":0,"KestrelFailedTlsHandshakesIncrement":0,"IngestEndpointActiveRequests":0,"QueryEndpointActiveRequests":0}
{"@t":"2025-03-01T21:58:59.1764729Z","@sp":"406c3a55dbb05555","@tr":"f622cf32346370466f6c919504717eab","@mt":"Applying {Count} retention policies","Count":0,"SourceContext":"Seq.Server.Features.Retention.RetentionProcessor"}
{"@t":"2025-03-01T21:58:59.1817853Z","@sp":"406c3a55dbb05555","@tr":"f622cf32346370466f6c919504717eab","@mt":"Retention processing","@st":"2025-03-01T21:58:59.1743730Z","@ps":"64f610331fa255dd","SourceContext":"Seq.Server.Features.Retention.RetentionProcessor"}
{"@t":"2025-03-01T21:58:59.1870404Z","@sp":"64f610331fa255dd","@tr":"f622cf32346370466f6c919504717eab","@mt":"Retention processing took {Elapsed} ms; allocating {Allocation} ms for storage optimization","Elapsed":20.1774,"Allocation":599979.8226,"SourceContext":"Seq.Server.Features.Retention.StorageMaintenanceTask"}
{"@t":"2025-03-01T21:58:59.1907966Z","@sp":"eedbba2d3f6ba949","@tr":"f622cf32346370466f6c919504717eab","@mt":"Coalesced {SpanCount} stable spans in {Elapsed:0.000} ms","@r":["3.000"],"SpanCount":0,"Elapsed":3,"SourceContext":"Seq.Server.Features.Retention.StorageOptimizer"}
{"@t":"2025-03-01T21:58:59.1914068Z","@sp":"eedbba2d3f6ba949","@tr":"f622cf32346370466f6c919504717eab","@mt":"Optimize storage","SpanCount":0,"@st":"2025-03-01T21:58:59.1876250Z","@ps":"64f610331fa255dd","SourceContext":"Seq.Server.Features.Retention.StorageOptimizer"}
{"@t":"2025-03-01T21:58:59.1918485Z","@sp":"64f610331fa255dd","@tr":"f622cf32346370466f6c919504717eab","@mt":"Storage maintenance","@st":"2025-03-01T21:58:59.1678300Z","SourceContext":"Seq.Server.Features.Retention.StorageMaintenanceTask"}
{"@t":"2025-03-01T21:58:59.2330287Z","@sp":"9d63c00bfcf990e5","@tr":"89e585c558c420128224c486382c58e3","@mt":"Wrote {IndexSetCount} index sets","IndexSetCount":0,"SourceContext":"Seq.Server.Features.Indexing.EventStoreIndexer"}
{"@t":"2025-03-01T21:58:59.2332052Z","@sp":"9d63c00bfcf990e5","@tr":"89e585c558c420128224c486382c58e3","@mt":"Indexing with {Allocated:0.000} ms allowance","@r":["600000.000"],"Allocated":600000,"@st":"2025-03-01T21:58:59.1678303Z","SourceContext":"Seq.Server.Features.Indexing.EventStoreIndexer"}
{"@t":"2025-03-01T22:03:59.1518093Z","@mt":"Metrics sampled","SystemMemoryUtilization":0.20551214607376433,"ProcessWorkingSetBytes":210698240,"ProcessCpuPercentage":1.7333723781239412,"GCTotalHeapSizeBytes":0,"GCTotalFragmentedBytes":0,"GCPauseTimePercentage":0,"ProcessThreads":23,"ThreadPoolActiveThreads":3,"ThreadPoolAvailableWorkerThreads":32766,"ThreadPoolAvailableIOThreads":1000,"ArrivedEventsPerMinute":0,"IngestedEventsPerMinute":0,"IngestedBytesPerMinute":0,"InvalidPayloadsPerMinute":0,"UnauthorizedPayloadsPerMinute":0,"TotalWriteTimeLastMinute":0,"TotalIndexingTimeLastDay":0,"BroadcastQueueCount":0,"BroadcastSubscriptionQueuesAggregateCount":0,"AspNetCoreHostingCurrentRequestsMax":0,"AspNetCoreHostingFailedRequestsMax":0,"AspNetCoreHostingRequestsPerSecondIncrement":0,"KestrelCurrentConnectionsMax":0,"KestrelConnectionsPerSecondIncrement":0,"KestrelConnectionQueueLengthMax":0,"KestrelRequestQueueLengthMax":0,"KestrelFailedTlsHandshakesIncrement":0,"IngestEndpointActiveRequests":0,"QueryEndpointActiveRequests":0}
{"@t":"2025-03-01T22:08:59.1611880Z","@sp":"f13ee6a170ebe7c3","@tr":"dbd14f7a66d78e4aaf8fcb1eb2013e9a","@mt":"Applying {Count} retention policies","Count":0,"SourceContext":"Seq.Server.Features.Retention.RetentionProcessor"}
{"@t":"2025-03-01T22:08:59.1474214Z","@mt":"Metrics sampled","SystemMemoryUtilization":0.21053759219047863,"ProcessWorkingSetBytes":218038272,"ProcessCpuPercentage":1.7633310980172783,"GCTotalHeapSizeBytes":0,"GCTotalFragmentedBytes":0,"GCPauseTimePercentage":0,"ProcessThreads":26,"ThreadPoolActiveThreads":4,"ThreadPoolAvailableWorkerThreads":32764,"ThreadPoolAvailableIOThreads":1000,"ArrivedEventsPerMinute":0,"IngestedEventsPerMinute":0,"IngestedBytesPerMinute":0,"InvalidPayloadsPerMinute":0,"UnauthorizedPayloadsPerMinute":0,"TotalWriteTimeLastMinute":0,"TotalIndexingTimeLastDay":0,"BroadcastQueueCount":0,"BroadcastSubscriptionQueuesAggregateCount":0,"AspNetCoreHostingCurrentRequestsMax":0,"AspNetCoreHostingFailedRequestsMax":0,"AspNetCoreHostingRequestsPerSecondIncrement":0,"KestrelCurrentConnectionsMax":0,"KestrelConnectionsPerSecondIncrement":0,"KestrelConnectionQueueLengthMax":0,"KestrelRequestQueueLengthMax":0,"KestrelFailedTlsHandshakesIncrement":0,"IngestEndpointActiveRequests":0,"QueryEndpointActiveRequests":0}
{"@t":"2025-03-01T22:08:59.1767882Z","@sp":"f13ee6a170ebe7c3","@tr":"dbd14f7a66d78e4aaf8fcb1eb2013e9a","@mt":"Retention processing","@st":"2025-03-01T22:08:59.1532074Z","@ps":"26c8db75b9b871f6","SourceContext":"Seq.Server.Features.Retention.RetentionProcessor"}
{"@t":"2025-03-01T22:08:59.1776155Z","@sp":"26c8db75b9b871f6","@tr":"dbd14f7a66d78e4aaf8fcb1eb2013e9a","@mt":"Retention processing took {Elapsed} ms; allocating {Allocation} ms for storage optimization","Elapsed":25.0462,"Allocation":599974.9538,"SourceContext":"Seq.Server.Features.Retention.StorageMaintenanceTask"}
{"@t":"2025-03-01T22:08:59.1818013Z","@sp":"5c4c7e05f4c8601b","@tr":"dbd14f7a66d78e4aaf8fcb1eb2013e9a","@mt":"Coalesced {SpanCount} stable spans in {Elapsed:0.000} ms","@r":["3.000"],"SpanCount":0,"Elapsed":3,"SourceContext":"Seq.Server.Features.Retention.StorageOptimizer"}
{"@t":"2025-03-01T22:08:59.1830580Z","@sp":"5c4c7e05f4c8601b","@tr":"dbd14f7a66d78e4aaf8fcb1eb2013e9a","@mt":"Optimize storage","SpanCount":0,"@st":"2025-03-01T22:08:59.1779176Z","@ps":"26c8db75b9b871f6","SourceContext":"Seq.Server.Features.Retention.StorageOptimizer"}
{"@t":"2025-03-01T22:08:59.1832306Z","@sp":"26c8db75b9b871f6","@tr":"dbd14f7a66d78e4aaf8fcb1eb2013e9a","@mt":"Storage maintenance","@st":"2025-03-01T22:08:59.1527205Z","SourceContext":"Seq.Server.Features.Retention.StorageMaintenanceTask"}
{"@t":"2025-03-01T22:08:59.1882915Z","@sp":"4f2092fb05dd7097","@tr":"4b93f4620448973ba3d9cc311e770b55","@mt":"Wrote {IndexSetCount} index sets","IndexSetCount":0,"SourceContext":"Seq.Server.Features.Indexing.EventStoreIndexer"}
{"@t":"2025-03-01T22:08:59.1885047Z","@sp":"4f2092fb05dd7097","@tr":"4b93f4620448973ba3d9cc311e770b55","@mt":"Indexing with {Allocated:0.000} ms allowance","@r":["600000.000"],"Allocated":600000,"@st":"2025-03-01T22:08:59.1529230Z","SourceContext":"Seq.Server.Features.Indexing.EventStoreIndexer"}
{"@t":"2025-03-01T22:13:59.1432122Z","@mt":"Metrics sampled","SystemMemoryUtilization":0.21152514267663058,"ProcessWorkingSetBytes":224329728,"ProcessCpuPercentage":1.7966649346816694,"GCTotalHeapSizeBytes":0,"GCTotalFragmentedBytes":0,"GCPauseTimePercentage":0,"ProcessThreads":23,"ThreadPoolActiveThreads":3,"ThreadPoolAvailableWorkerThreads":32766,"ThreadPoolAvailableIOThreads":1000,"ArrivedEventsPerMinute":0,"IngestedEventsPerMinute":0,"IngestedBytesPerMinute":0,"InvalidPayloadsPerMinute":0,"UnauthorizedPayloadsPerMinute":0,"TotalWriteTimeLastMinute":0,"TotalIndexingTimeLastDay":0,"BroadcastQueueCount":0,"BroadcastSubscriptionQueuesAggregateCount":0,"AspNetCoreHostingCurrentRequestsMax":0,"AspNetCoreHostingFailedRequestsMax":0,"AspNetCoreHostingRequestsPerSecondIncrement":0,"KestrelCurrentConnectionsMax":0,"KestrelConnectionsPerSecondIncrement":0,"KestrelConnectionQueueLengthMax":0,"KestrelRequestQueueLengthMax":0,"KestrelFailedTlsHandshakesIncrement":0,"IngestEndpointActiveRequests":0,"QueryEndpointActiveRequests":0}
{"@t":"2025-03-01T22:18:59.1486746Z","@sp":"879aeb37a5b0105b","@tr":"bdc453a6231b85ebcf9a203246b1bef5","@mt":"Applying {Count} retention policies","Count":0,"SourceContext":"Seq.Server.Features.Retention.RetentionProcessor"}
{"@t":"2025-03-01T22:18:59.1551664Z","@sp":"879aeb37a5b0105b","@tr":"bdc453a6231b85ebcf9a203246b1bef5","@mt":"Retention processing","@st":"2025-03-01T22:18:59.1460587Z","@ps":"67473da294703315","SourceContext":"Seq.Server.Features.Retention.RetentionProcessor"}
{"@t":"2025-03-01T22:18:59.2082201Z","@sp":"67473da294703315","@tr":"bdc453a6231b85ebcf9a203246b1bef5","@mt":"Retention processing took {Elapsed} ms; allocating {Allocation} ms for storage optimization","Elapsed":63.7963,"Allocation":599936.2037,"SourceContext":"Seq.Server.Features.Retention.StorageMaintenanceTask"}
{"@t":"2025-03-01T22:18:59.1400462Z","@mt":"Metrics sampled","SystemMemoryUtilization":0.21074187861798732,"ProcessWorkingSetBytes":228917248,"ProcessCpuPercentage":1.7299592727221484,"GCTotalHeapSizeBytes":0,"GCTotalFragmentedBytes":0,"GCPauseTimePercentage":0,"ProcessThreads":26,"ThreadPoolActiveThreads":4,"ThreadPoolAvailableWorkerThreads":32766,"ThreadPoolAvailableIOThreads":1000,"ArrivedEventsPerMinute":0,"IngestedEventsPerMinute":0,"IngestedBytesPerMinute":0,"InvalidPayloadsPerMinute":0,"UnauthorizedPayloadsPerMinute":0,"TotalWriteTimeLastMinute":0,"TotalIndexingTimeLastDay":0,"BroadcastQueueCount":0,"BroadcastSubscriptionQueuesAggregateCount":0,"AspNetCoreHostingCurrentRequestsMax":0,"AspNetCoreHostingFailedRequestsMax":0,"AspNetCoreHostingRequestsPerSecondIncrement":0,"KestrelCurrentConnectionsMax":0,"KestrelConnectionsPerSecondIncrement":0,"KestrelConnectionQueueLengthMax":0,"KestrelRequestQueueLengthMax":0,"KestrelFailedTlsHandshakesIncrement":0,"IngestEndpointActiveRequests":0,"QueryEndpointActiveRequests":0}
{"@t":"2025-03-01T22:18:59.2128930Z","@sp":"2bb62922ac6f67f0","@tr":"bdc453a6231b85ebcf9a203246b1bef5","@mt":"Coalesced {SpanCount} stable spans in {Elapsed:0.000} ms","@r":["4.000"],"SpanCount":0,"Elapsed":4,"SourceContext":"Seq.Server.Features.Retention.StorageOptimizer"}
{"@t":"2025-03-01T22:18:59.2134577Z","@sp":"2bb62922ac6f67f0","@tr":"bdc453a6231b85ebcf9a203246b1bef5","@mt":"Optimize storage","SpanCount":0,"@st":"2025-03-01T22:18:59.2084892Z","@ps":"67473da294703315","SourceContext":"Seq.Server.Features.Retention.StorageOptimizer"}
{"@t":"2025-03-01T22:18:59.2138970Z","@sp":"67473da294703315","@tr":"bdc453a6231b85ebcf9a203246b1bef5","@mt":"Storage maintenance","@st":"2025-03-01T22:18:59.1446766Z","SourceContext":"Seq.Server.Features.Retention.StorageMaintenanceTask"}
{"@t":"2025-03-01T22:18:59.2156470Z","@sp":"328f2b6e3d82c483","@tr":"dcc5ab1fedf6f5ae606c555cec1c16f4","@mt":"Wrote {IndexSetCount} index sets","IndexSetCount":0,"SourceContext":"Seq.Server.Features.Indexing.EventStoreIndexer"}
{"@t":"2025-03-01T22:18:59.2157663Z","@sp":"328f2b6e3d82c483","@tr":"dcc5ab1fedf6f5ae606c555cec1c16f4","@mt":"Indexing with {Allocated:0.000} ms allowance","@r":["600000.000"],"Allocated":600000,"@st":"2025-03-01T22:18:59.1459069Z","SourceContext":"Seq.Server.Features.Indexing.EventStoreIndexer"}
{"@t":"2025-03-01T22:21:40.3081830Z","@mt":"Termination signal received"}
{"@t":"2025-03-01T22:21:40.3257858Z","@mt":"Signalling for {Workers} worker task(s) to complete","Workers":1,"SourceContext":"Seq.Engine.Workers.WorkerPool"}
{"@t":"2025-03-01T22:21:41.0875010Z","@mt":"Work {WorkDescription} ({WorkId}) observed cancellation and completed","WorkDescription":"Monitor alerts and trigger notifications","WorkId":"429a0a49-98a7-4ad2-adf4-68e4307ac578","SourceContext":"Seq.Engine.Workers.WorkerPool"}
{"@t":"2025-03-01T22:21:41.1502965Z","@mt":"Stopping {Tasks} scheduled tasks","Tasks":13,"SourceContext":"Seq.Server.Tasks.TaskRunner"}
{"@t":"2025-03-01T22:21:41.1567665Z","@mt":"Stopping input channel","SourceContext":"Seq.Server.Features.Apps.Inputs.InputChannel"}
{"@t":"2025-03-01T22:21:42.0903166Z","@mt":"Shutting down input channel; {AcceptedCount} queued events will be written","AcceptedCount":0,"SourceContext":"Seq.Server.Features.Apps.Inputs.InputChannel"}
{"@t":"2025-03-01T22:21:42.0920257Z","@mt":"Stopping broadcast channel","SourceContext":"Seq.Engine.Broadcast.BroadcastChannel"}
{"@t":"2025-03-01T22:21:43.0950992Z","@mt":"Shutting down broadcast channel with {AllowableFlush} flushable event batches (+{Tolerance} tolerance)","AllowableFlush":0,"Tolerance":15,"SourceContext":"Seq.Engine.Broadcast.BroadcastChannel"}
{"@t":"2025-03-01T22:21:43.1008183Z","@mt":"Closing event store","SourceContext":"Seq.Engine.Cluster.StorageNodeCoordinator"}
{"@t":"2025-03-01T22:21:43.1035460Z","@mt":"Closing metastore","SourceContext":"Quince.Storage.Native.NativeDocumentStore"}
{"@t":"2025-03-01T22:21:43.1116224Z","@mt":"Server stopped cleanly"}
